0	1	mikroCFT90x.exe -MSF -DBG -p FT900 -BIN -DL -SSA -O11111114 -fo100 -N"C:\Users\Corey\Documents\Projects\Color_3\FT90_Done\Color_3_FT90.mcpf9" -SP"C:\Users\Public\Documents\Mikroelektronika\mikroC PRO for FT90x\Defs\" -SP"C:\Users\Public\Documents\Mikroelektronika\mikroC PRO for FT90x\Uses\" -SP"C:\Users\Corey\Documents\Projects\Color_3\FT90_Done\" -SP"C:\Users\Corey\Documents\Projects\Color_3\library\src\" -IP"C:\Users\Corey\Documents\Projects\Color_3\library\include\" "Color_3_FT90.c" "color_3.c" "color_3_hal.c" "__Lib_Delays.emcl" "__Lib_System.emcl" "__Lib_Math.emcl" "__Lib_MathDouble.emcl" "__Lib_GPIO.emcl" "__Lib_CString.emcl" "__Lib_Conversions.emcl" "__Lib_I2C.emcl" "__Lib_UART.emcl"	 
diagnostics: 0	122	Compilation Started	stdint.h
diagnostics: 75	123	Compiled Successfully	Color_3_FT90.c
diagnostics: 0	122	Compilation Started	stdint.h
diagnostics: 173	123	Compiled Successfully	color_3.c
hint: 143	1164	Variable 'l_byte' has been eliminated by optimizer	color_3.c
hint: 143	1164	Variable 'h_byte' has been eliminated by optimizer	color_3.c
hint: 142	1164	Variable 'uart_text' has been eliminated by optimizer	color_3.c
hint: 145	1164	Variable 'count' has been eliminated by optimizer	color_3.c
diagnostics: 0	122	Compilation Started	stdint.h
diagnostics: 357	123	Compiled Successfully	color_3_hal.c
hint: 225	1164	Variable 'i' has been eliminated by optimizer	color_3_hal.c
hint: 292	1164	Variable 'cnt' has been eliminated by optimizer	color_3_hal.c
diagnostics: 0	127	All files Compiled in 110 ms	 
hint: 0	1144	Used RX: 17 (53%)   Free RX: 15 (47%)	Used RX: 17 (53%)   Free RX: 15 (47%)
hint: 0	1144	Static RAM (bytes): 407   Dynamic RAM (bytes): 65121	Static RAM (bytes): 407   Dynamic RAM (bytes): 65121
hint: 0	1144	Used ROM (bytes): 10817 (4%)  Free ROM (bytes): 251327 (96%)	Used ROM (bytes): 10817 (4%)  Free ROM (bytes): 251327 (96%)
diagnostics: 0	125	Project Linked Successfully	Color_3_FT90.mcpf9
diagnostics: 0	128	Linked in 78 ms	 
diagnostics: 0	129	Project 'Color_3_FT90.mcpf9' completed: 235 ms	 
diagnostics: 0	103	Finished successfully: 04 Oct 2016, 15:26:34	Color_3_FT90.mcpf9
