0	1	mikroCPIC1618.exe -MSF -DBG -pP18F87K22 -DL -O11111114 -fo16 -N"C:\Users\Corey\Documents\Projects\Color_3\PIC\Color_3_PIC.mcppi" -SP"C:\C4W\Mikroelektronika\mikroC PRO for PIC\Defs\" -SP"C:\C4W\Mikroelektronika\mikroC PRO for PIC\uses\P18\" -SP"C:\Users\Corey\Documents\Projects\Color_3\PIC\" -SP"C:\Users\Corey\Documents\Projects\Color_3\library\src\" -IP"C:\Users\Corey\Documents\Projects\Color_3\library\include\" "Color_3_PIC.c" "color_3.c" "color_3_hal.c" "__Lib_Math.mcl" "__Lib_MathDouble.mcl" "__Lib_System.mcl" "__Lib_Delays.mcl" "__Lib_CString.mcl" "__Lib_Conversions.mcl" "__Lib_I2C_c34d65_k22_k90.mcl" "__Lib_UART_c67g12.mcl"	 
hint: 0	1139	Available RAM: 3841 [bytes], Available ROM: 131072 [bytes]	 
diagnostics: 0	122	Compilation Started	stdint.h
warning: 59	1509	Generated baud rate is 9615 bps (error = 0.16 percent)	Color_3_PIC.c
diagnostics: 72	123	Compiled Successfully	Color_3_PIC.c
diagnostics: 0	122	Compilation Started	stdint.h
hint: 101	1354	argument may be out of range [type]	color_3.c
hint: 104	1354	argument may be out of range [type]	color_3.c
hint: 107	1354	argument may be out of range [type]	color_3.c
hint: 113	1354	argument may be out of range [type]	color_3.c
hint: 119	1354	argument may be out of range [type]	color_3.c
hint: 122	1354	argument may be out of range [type]	color_3.c
hint: 125	1354	argument may be out of range [type]	color_3.c
hint: 128	1354	argument may be out of range [type]	color_3.c
hint: 132	1354	argument may be out of range [type]	color_3.c
hint: 135	1354	argument may be out of range [type]	color_3.c
diagnostics: 173	123	Compiled Successfully	color_3.c
hint: 143	1164	Variable 'l_byte' has been eliminated by optimizer	color_3.c
hint: 143	1164	Variable 'h_byte' has been eliminated by optimizer	color_3.c
hint: 142	1164	Variable 'uart_text' has been eliminated by optimizer	color_3.c
hint: 145	1164	Variable 'count' has been eliminated by optimizer	color_3.c
diagnostics: 0	122	Compilation Started	stdint.h
diagnostics: 357	123	Compiled Successfully	color_3_hal.c
diagnostics: 0	127	All files Compiled in 110 ms	 
hint: 0	1144	Used RAM (bytes): 309 (8%)  Free RAM (bytes): 3532 (92%)	Used RAM (bytes): 309 (8%)  Free RAM (bytes): 3532 (92%)
hint: 0	1144	Used ROM (bytes): 3439 (3%)  Free ROM (bytes): 127633 (97%)	Used ROM (bytes): 3439 (3%)  Free ROM (bytes): 127633 (97%)
diagnostics: 0	125	Project Linked Successfully	Color_3_PIC.mcppi
diagnostics: 0	128	Linked in 31 ms	 
diagnostics: 0	129	Project 'Color_3_PIC.mcppi' completed: 156 ms	 
diagnostics: 0	103	Finished successfully: 04 Oct 2016, 15:30:06	Color_3_PIC.mcppi
