0	1	mikrocAVR.exe -MSF -DBG -pATMEGA16 -DL -SSA -O11111114 -fo8 -N"C:\Users\Corey\Documents\Projects\Color_3\AVR\Color_3_AVR.mcpav" -BOOTSZ1024 -BOOTOP0 -SP"C:\C4W\Mikroelektronika\mikroC PRO for AVR\Defs\" -SP"C:\C4W\Mikroelektronika\mikroC PRO for AVR\Uses\LTE64KW\" -SP"C:\C4W\Mikroelektronika\mikroC PRO for AVR\Uses\" -SP"C:\Users\Corey\Documents\Projects\Color_3\AVR\" -SP"C:\Users\Corey\Documents\Projects\Color_3\library\src\" -IP"C:\Users\Corey\Documents\Projects\Color_3\library\include\" "Color_3_AVR.c" "color_3.c" "color_3_hal.c" "__Lib_Math.mcl" "__Lib_MathDouble.mcl" "__Lib_System.mcl" "__Lib_Delays.mcl" "__Lib_CString.mcl" "__Lib_Conversions.mcl" "__Lib_TWI.mcl" "__Lib_UART_d01_ursel.mcl"	 
diagnostics: 0	122	Compilation Started	stdint.h
warning: 60	1509	Generated baud rate is 9615 bps (error = 0.16 percent)	Color_3_AVR.c
diagnostics: 73	123	Compiled Successfully	Color_3_AVR.c
diagnostics: 0	122	Compilation Started	stdint.h
hint: 101	1354	argument may be out of range [type]	color_3.c
hint: 104	1354	argument may be out of range [type]	color_3.c
hint: 107	1354	argument may be out of range [type]	color_3.c
hint: 113	1354	argument may be out of range [type]	color_3.c
hint: 119	1354	argument may be out of range [type]	color_3.c
hint: 122	1354	argument may be out of range [type]	color_3.c
hint: 125	1354	argument may be out of range [type]	color_3.c
hint: 128	1354	argument may be out of range [type]	color_3.c
hint: 132	1354	argument may be out of range [type]	color_3.c
hint: 135	1354	argument may be out of range [type]	color_3.c
diagnostics: 173	123	Compiled Successfully	color_3.c
hint: 143	1164	Variable 'l_byte' has been eliminated by optimizer	color_3.c
hint: 143	1164	Variable 'h_byte' has been eliminated by optimizer	color_3.c
hint: 142	1164	Variable 'uart_text' has been eliminated by optimizer	color_3.c
hint: 145	1164	Variable 'count' has been eliminated by optimizer	color_3.c
diagnostics: 0	122	Compilation Started	stdint.h
diagnostics: 357	123	Compiled Successfully	color_3_hal.c
diagnostics: 0	127	All files Compiled in 110 ms	 
hint: 0	1144	Used RX (bytes): 23 (72%)   Free RX (bytes): 9 (28%)	Used RX (bytes): 23 (72%)   Free RX (bytes): 9 (28%)
hint: 0	1144	Static RAM (bytes): 170   Dynamic RAM (bytes): 854	Static RAM (bytes): 170   Dynamic RAM (bytes): 854
hint: 0	1144	Used ROM (bytes): 3084 (22%)  Free ROM (bytes): 11252 (78%)	Used ROM (bytes): 3084 (22%)  Free ROM (bytes): 11252 (78%)
diagnostics: 0	125	Project Linked Successfully	Color_3_AVR.mcpav
diagnostics: 0	128	Linked in 15 ms	 
diagnostics: 0	129	Project 'Color_3_AVR.mcpav' completed: 140 ms	 
diagnostics: 0	103	Finished successfully: 04 Oct 2016, 15:23:33	Color_3_AVR.mcpav
