0	1	mikroCARM.exe -MSF -DBG -pSTM32F107VC -BIN -LHF -DL -SSA -O11111114 -fo72 -N"C:\Users\Corey\Documents\Projects\Color_3\ARM_Done\Color_3_ARM.mcpar" -SP"C:\Users\Public\Documents\Mikroelektronika\mikroC PRO for ARM\Defs\" -SP"C:\Users\Public\Documents\Mikroelektronika\mikroC PRO for ARM\Uses\" -SP"C:\Users\Corey\Documents\Projects\Color_3\ARM_Done\" -SP"C:\Users\Public\Documents\Mikroelektronika\mikroC PRO for ARM\Uses\ST M3\" -SP"C:\Users\Corey\Documents\Projects\Color_3\library\src\" -SP"C:\Users\Corey\Documents\Projects\Color_3\library\include\" -IP"C:\Users\Corey\Documents\Projects\Color_3\library\include\" "Color_3_ARM.c" "color_3.c" "color_3_hal.c" "__Lib_Math.emcl" "__Lib_MathDouble.emcl" "__Lib_Delays.emcl" "__Lib_System_105_107.emcl" "__Lib_GPIO_32F10x_Defs.emcl" "__Lib_GPIO_32F10x.emcl" "__Lib_CString.emcl" "__Lib_Conversions.emcl" "__Lib_I2C_12.emcl" "__Lib_UART_123_45.emcl"	 
diagnostics: 0	122	Compilation Started	stdint.h
diagnostics: 79	123	Compiled Successfully	Color_3_ARM.c
diagnostics: 0	122	Compilation Started	stdint.h
hint: 101	1354	argument may be out of range [type]	color_3.c
hint: 104	1354	argument may be out of range [type]	color_3.c
hint: 107	1354	argument may be out of range [type]	color_3.c
hint: 113	1354	argument may be out of range [type]	color_3.c
hint: 119	1354	argument may be out of range [type]	color_3.c
hint: 122	1354	argument may be out of range [type]	color_3.c
hint: 125	1354	argument may be out of range [type]	color_3.c
hint: 128	1354	argument may be out of range [type]	color_3.c
hint: 132	1354	argument may be out of range [type]	color_3.c
hint: 135	1354	argument may be out of range [type]	color_3.c
diagnostics: 173	123	Compiled Successfully	color_3.c
hint: 143	1164	Variable 'l_byte' has been eliminated by optimizer	color_3.c
hint: 143	1164	Variable 'h_byte' has been eliminated by optimizer	color_3.c
hint: 142	1164	Variable 'uart_text' has been eliminated by optimizer	color_3.c
hint: 145	1164	Variable 'count' has been eliminated by optimizer	color_3.c
diagnostics: 0	122	Compilation Started	stdint.h
diagnostics: 357	123	Compiled Successfully	color_3_hal.c
hint: 225	1164	Variable 'i' has been eliminated by optimizer	color_3_hal.c
hint: 292	1164	Variable 'cnt' has been eliminated by optimizer	color_3_hal.c
diagnostics: 0	127	All files Compiled in 141 ms	 
hint: 0	1144	Used RX: 16 (100%)   Free RX: 0 (0%)	Used RX: 16 (100%)   Free RX: 0 (0%)
hint: 0	1144	Static RAM (bytes): 190   Dynamic RAM (bytes): 65341	Static RAM (bytes): 190   Dynamic RAM (bytes): 65341
hint: 0	1144	Used ROM (bytes): 7196 (3%)  Free ROM (bytes): 254948 (97%)	Used ROM (bytes): 7196 (3%)  Free ROM (bytes): 254948 (97%)
diagnostics: 0	125	Project Linked Successfully	Color_3_ARM.mcpar
diagnostics: 0	128	Linked in 203 ms	 
diagnostics: 0	129	Project 'Color_3_ARM.mcpar' completed: 453 ms	 
diagnostics: 0	103	Finished successfully: 04 Oct 2016, 15:27:04	Color_3_ARM.mcpar
