0	1	mikroCPIC32.exe -MSF -DBG -pP32MX795F512L -DL -SSA -EBASE 0x9FC01000 -INTDEF MV_SRS7_IS32 -O11111114 -fo80 -N"C:\Users\Corey\Documents\Projects\Color_3\PIC32\Color_3_PIC32.mcp32" -SP"C:\Users\Public\Documents\Mikroelektronika\mikroC PRO for PIC32\Defs\" -SP"C:\Users\Public\Documents\Mikroelektronika\mikroC PRO for PIC32\Uses\" -SP"C:\Users\Corey\Documents\Projects\Color_3\PIC32\" -SP"C:\Users\Corey\Documents\Projects\Color_3\library\src\" -IP"C:\Users\Corey\Documents\Projects\Color_3\library\include\" "Color_3_PIC32.c" "color_3.c" "color_3_hal.c" "__Lib_CP0.emcl" "__Lib_Math.emcl" "__Lib_MathDouble.emcl" "__Lib_System.emcl" "__Lib_SoftResetDma.emcl" "__Lib_Delays.emcl" "__Lib_CString.emcl" "__Lib_Conversions.emcl" "__Lib_I2C_12345.emcl" "__Lib_UART_123456.emcl"	 
diagnostics: 0	122	Compilation Started	stdint.h
diagnostics: 73	123	Compiled Successfully	Color_3_PIC32.c
diagnostics: 0	122	Compilation Started	stdint.h
hint: 101	1354	argument may be out of range [type]	color_3.c
hint: 104	1354	argument may be out of range [type]	color_3.c
hint: 107	1354	argument may be out of range [type]	color_3.c
hint: 113	1354	argument may be out of range [type]	color_3.c
hint: 119	1354	argument may be out of range [type]	color_3.c
hint: 122	1354	argument may be out of range [type]	color_3.c
hint: 125	1354	argument may be out of range [type]	color_3.c
hint: 128	1354	argument may be out of range [type]	color_3.c
hint: 132	1354	argument may be out of range [type]	color_3.c
hint: 135	1354	argument may be out of range [type]	color_3.c
diagnostics: 173	123	Compiled Successfully	color_3.c
hint: 143	1164	Variable 'l_byte' has been eliminated by optimizer	color_3.c
hint: 143	1164	Variable 'h_byte' has been eliminated by optimizer	color_3.c
hint: 142	1164	Variable 'uart_text' has been eliminated by optimizer	color_3.c
hint: 145	1164	Variable 'count' has been eliminated by optimizer	color_3.c
diagnostics: 0	122	Compilation Started	stdint.h
diagnostics: 357	123	Compiled Successfully	color_3_hal.c
diagnostics: 0	127	All files Compiled in 125 ms	 
hint: 0	1144	Used RX: 15 (47%)   Free RX: 17 (53%)	Used RX: 15 (47%)   Free RX: 17 (53%)
hint: 0	1144	Static RAM (bytes): 212   Dynamic RAM (bytes): 130857	Static RAM (bytes): 212   Dynamic RAM (bytes): 130857
hint: 0	1144	Used ROM (bytes): 8178 (2%)  Free ROM (bytes): 516110 (98%)	Used ROM (bytes): 8178 (2%)  Free ROM (bytes): 516110 (98%)
hint: 0	1144	Used BOOTROM (bytes): 320 (3%)  Free BOOTROM (bytes): 11953 (97%)	Used BOOTROM (bytes): 320 (3%)  Free BOOTROM (bytes): 11953 (97%)
diagnostics: 0	125	Project Linked Successfully	Color_3_PIC32.mcp32
diagnostics: 0	128	Linked in 234 ms	 
diagnostics: 0	129	Project 'Color_3_PIC32.mcp32' completed: 500 ms	 
diagnostics: 0	103	Finished successfully: 04 Oct 2016, 16:39:13	Color_3_PIC32.mcp32
