0	1	mikroCdsPIC.exe -MSF -DBG -pP33FJ256GP710A -GC -DL -SSA -O11111114 -fo8 -N"C:\Users\Corey\Documents\Projects\Color_3\dsPIC\Color_3_dsPIC.mcpds" -SP"C:\C4W\Mikroelektronika\mikroC PRO for dsPIC\Defs\" -SP"C:\C4W\Mikroelektronika\mikroC PRO for dsPIC\Uses\" -SP"C:\Users\Corey\Documents\Projects\Color_3\dsPIC\" -SP"C:\Users\Corey\Documents\Projects\Color_3\library\src\" -SP"C:\Users\Corey\Documents\Projects\Color_3\library\include\" -IP"C:\Users\Corey\Documents\Projects\Color_3\library\include\" "Color_3_dsPIC.c" "color_3.c" "color_3_hal.c" "__Lib_Math.mcl" "__Lib_MathDouble.mcl" "__Lib_System.mcl" "__Lib_Delays.mcl" "__Lib_CString.mcl" "__Lib_Conversions.mcl" "__Lib_I2C_12_p24_p33.mcl" "__Lib_UART_12_p24_p33.mcl"	 
diagnostics: 0	121	Loading...	 
diagnostics: 0	122	Compilation Started	stdint.h
diagnostics: 83	123	Compiled Successfully	Color_3_dsPIC.c
diagnostics: 0	122	Compilation Started	stdint.h
hint: 101	1354	argument may be out of range [type]	color_3.c
hint: 104	1354	argument may be out of range [type]	color_3.c
hint: 107	1354	argument may be out of range [type]	color_3.c
hint: 113	1354	argument may be out of range [type]	color_3.c
hint: 119	1354	argument may be out of range [type]	color_3.c
hint: 122	1354	argument may be out of range [type]	color_3.c
hint: 125	1354	argument may be out of range [type]	color_3.c
hint: 128	1354	argument may be out of range [type]	color_3.c
hint: 132	1354	argument may be out of range [type]	color_3.c
hint: 135	1354	argument may be out of range [type]	color_3.c
diagnostics: 173	123	Compiled Successfully	color_3.c
hint: 143	1164	Variable 'l_byte' has been eliminated by optimizer	color_3.c
hint: 143	1164	Variable 'h_byte' has been eliminated by optimizer	color_3.c
hint: 142	1164	Variable 'uart_text' has been eliminated by optimizer	color_3.c
hint: 145	1164	Variable 'count' has been eliminated by optimizer	color_3.c
diagnostics: 0	122	Compilation Started	stdint.h
diagnostics: 357	123	Compiled Successfully	color_3_hal.c
diagnostics: 0	127	All files Compiled in 110 ms	 
hint: 0	1144	Used RX (bytes): 32 (100%)   Free RX (bytes): 0 (0%)	Used RX (bytes): 32 (100%)   Free RX (bytes): 0 (0%)
hint: 0	1144	Static RAM (bytes): 168   Dynamic RAM (bytes): 30552	Static RAM (bytes): 168   Dynamic RAM (bytes): 30552
hint: 0	1144	Used ROM (bytes): 2977 (2%)  Free ROM (bytes): 172127 (98%)	Used ROM (bytes): 2977 (2%)  Free ROM (bytes): 172127 (98%)
diagnostics: 0	125	Project Linked Successfully	Color_3_dsPIC.mcpds
hint: 0	1004	COFF file successfully generated	COFF file successfully generated
diagnostics: 0	128	Linked in 640 ms	 
diagnostics: 0	129	Project 'Color_3_dsPIC.mcpds' completed: 937 ms	 
diagnostics: 0	103	Finished successfully: 04 Oct 2016, 16:54:35	Color_3_dsPIC.mcpds
